Wed Apr 11 14:25:01 BST 2012 Importing boats
X-Powered-By: PHP/5.3.2
Content-type: text/html

/home/wizard/public_html/bjmarine.net/used-boats/bjmarine.xml Feed imported sucessfully<br>
Fri Apr 13 02:15:02 BST 2012 Importing boats
X-Powered-By: PHP/5.3.2
Content-type: text/html

/home/wizard/public_html/bjmarine.net/used-boats/bjmarine.xml Feed imported sucessfully<br>
Sat Apr 14 02:15:01 BST 2012 Importing boats
X-Powered-By: PHP/5.3.2
Content-type: text/html

/home/wizard/public_html/bjmarine.net/used-boats/bjmarine.xml Feed imported sucessfully<br>
Sun Apr 15 02:15:02 BST 2012 Importing boats
X-Powered-By: PHP/5.3.2
Content-type: text/html

/home/wizard/public_html/bjmarine.net/used-boats/bjmarine.xml Feed imported sucessfully<br>
Mon Apr 16 02:15:02 BST 2012 Importing boats
X-Powered-By: PHP/5.3.2
Content-type: text/html

/home/wizard/public_html/bjmarine.net/used-boats/bjmarine.xml Feed imported sucessfully<br>
Tue Apr 17 02:15:01 BST 2012 Importing boats
X-Powered-By: PHP/5.3.2
Content-type: text/html

/home/wizard/public_html/bjmarine.net/used-boats/bjmarine.xml Feed imported sucessfully<br>
Wed Apr 18 02:15:01 BST 2012 Importing boats
X-Powered-By: PHP/5.3.2
Content-type: text/html

/home/wizard/public_html/bjmarine.net/used-boats/bjmarine.xml Feed imported sucessfully<br>
Thu Apr 19 02:15:08 BST 2012 Importing boats
X-Powered-By: PHP/5.3.2
Content-type: text/html

/home/wizard/public_html/bjmarine.net/used-boats/bjmarine.xml Feed imported sucessfully<br>
Fri Apr 20 02:15:08 BST 2012 Importing boats
X-Powered-By: PHP/5.3.2
Content-type: text/html

/home/wizard/public_html/bjmarine.net/used-boats/bjmarine.xml Feed imported sucessfully<br>
Sat Apr 21 02:15:01 BST 2012 Importing boats
X-Powered-By: PHP/5.3.2
Content-type: text/html

/home/wizard/public_html/bjmarine.net/used-boats/bjmarine.xml Feed imported sucessfully<br>
Sun Apr 22 02:15:05 BST 2012 Importing boats
X-Powered-By: PHP/5.3.2
Content-type: text/html

/home/wizard/public_html/bjmarine.net/used-boats/bjmarine.xml Feed imported sucessfully<br>
Mon Apr 23 02:15:08 BST 2012 Importing boats
X-Powered-By: PHP/5.3.2
Content-type: text/html

/home/wizard/public_html/bjmarine.net/used-boats/bjmarine.xml Feed imported sucessfully<br>
Tue Apr 24 02:15:05 BST 2012 Importing boats
X-Powered-By: PHP/5.3.2
Content-type: text/html

/home/wizard/public_html/bjmarine.net/used-boats/bjmarine.xml Feed imported sucessfully<br>
Wed Apr 25 02:15:07 BST 2012 Importing boats
X-Powered-By: PHP/5.3.2
Content-type: text/html

/home/wizard/public_html/bjmarine.net/used-boats/bjmarine.xml Feed imported sucessfully<br>
Thu Apr 26 02:15:02 BST 2012 Importing boats
X-Powered-By: PHP/5.3.2
Content-type: text/html

/home/wizard/public_html/bjmarine.net/used-boats/bjmarine.xml Feed imported sucessfully<br>
Fri Apr 27 02:15:07 BST 2012 Importing boats
X-Powered-By: PHP/5.3.2
Content-type: text/html

/home/wizard/public_html/bjmarine.net/used-boats/bjmarine.xml Feed imported sucessfully<br>
Sat Apr 28 02:15:02 BST 2012 Importing boats
X-Powered-By: PHP/5.3.2
Content-type: text/html

/home/wizard/public_html/bjmarine.net/used-boats/bjmarine.xml Feed imported sucessfully<br>
Sun Apr 29 02:15:04 BST 2012 Importing boats
X-Powered-By: PHP/5.3.2
Content-type: text/html

/home/wizard/public_html/bjmarine.net/used-boats/bjmarine.xml Feed imported sucessfully<br>
Mon Apr 30 02:15:08 BST 2012 Importing boats
X-Powered-By: PHP/5.3.2
Content-type: text/html

/home/wizard/public_html/bjmarine.net/used-boats/bjmarine.xml Feed imported sucessfully<br>
Tue May 1 02:15:08 BST 2012 Importing boats
X-Powered-By: PHP/5.3.2
Content-type: text/html

/home/wizard/public_html/bjmarine.net/used-boats/bjmarine.xml Feed imported sucessfully<br>
Wed May 2 02:15:03 BST 2012 Importing boats
X-Powered-By: PHP/5.3.2
Content-type: text/html

/home/wizard/public_html/bjmarine.net/used-boats/bjmarine.xml Feed imported sucessfully<br>
Thu May 3 02:15:02 BST 2012 Importing boats
X-Powered-By: PHP/5.3.2
Content-type: text/html

/home/wizard/public_html/bjmarine.net/used-boats/bjmarine.xml Feed imported sucessfully<br>
Fri May 4 01:15:01 BST 2012 Importing boats
X-Powered-By: PHP/5.3.2
Content-type: text/html

/home/wizard/public_html/bjmarine.net/used-boats/bjmarine.xml Feed imported sucessfully<br>
Sat May 5 01:15:01 BST 2012 Importing boats
X-Powered-By: PHP/5.3.2
Content-type: text/html

/home/wizard/public_html/bjmarine.net/used-boats/bjmarine.xml Feed imported sucessfully<br>
Sun May 6 01:15:02 BST 2012 Importing boats
X-Powered-By: PHP/5.3.2
Content-type: text/html

/home/wizard/public_html/bjmarine.net/used-boats/bjmarine.xml Feed imported sucessfully<br>
Mon May 7 01:15:01 BST 2012 Importing boats
X-Powered-By: PHP/5.3.2
Content-type: text/html

/home/wizard/public_html/bjmarine.net/used-boats/bjmarine.xml Feed imported sucessfully<br>
Tue May 8 01:15:01 BST 2012 Importing boats
X-Powered-By: PHP/5.3.2
Content-type: text/html

/home/wizard/public_html/bjmarine.net/used-boats/bjmarine.xml Feed imported sucessfully<br>
Wed May 9 01:15:01 BST 2012 Importing boats
X-Powered-By: PHP/5.3.2
Content-type: text/html

/home/wizard/public_html/bjmarine.net/used-boats/bjmarine.xml Feed imported sucessfully<br>
Thu May 10 01:15:01 BST 2012 Importing boats
X-Powered-By: PHP/5.3.2
Content-type: text/html

/home/wizard/public_html/bjmarine.net/used-boats/bjmarine.xml Feed imported sucessfully<br>
Fri May 11 01:15:01 BST 2012 Importing boats
X-Powered-By: PHP/5.3.2
Content-type: text/html

/home/wizard/public_html/bjmarine.net/used-boats/bjmarine.xml Feed imported sucessfully<br>
Sat May 12 01:15:01 BST 2012 Importing boats
X-Powered-By: PHP/5.3.2
Content-type: text/html

/home/wizard/public_html/bjmarine.net/used-boats/bjmarine.xml Feed imported sucessfully<br>
Sun May 13 01:15:01 BST 2012 Importing boats
X-Powered-By: PHP/5.3.2
Content-type: text/html

/home/wizard/public_html/bjmarine.net/used-boats/bjmarine.xml Feed imported sucessfully<br>
Mon May 14 01:15:01 BST 2012 Importing boats
X-Powered-By: PHP/5.3.2
Content-type: text/html

/home/wizard/public_html/bjmarine.net/used-boats/bjmarine.xml Feed imported sucessfully<br>
Tue May 15 01:15:01 BST 2012 Importing boats
X-Powered-By: PHP/5.3.2
Content-type: text/html

/home/wizard/public_html/bjmarine.net/used-boats/bjmarine.xml Feed imported sucessfully<br>
Wed May 16 01:15:01 BST 2012 Importing boats
X-Powered-By: PHP/5.3.2
Content-type: text/html

/home/wizard/public_html/bjmarine.net/used-boats/bjmarine.xml Feed imported sucessfully<br>
Thu May 17 01:15:01 BST 2012 Importing boats
X-Powered-By: PHP/5.3.2
Content-type: text/html

/home/wizard/public_html/bjmarine.net/used-boats/bjmarine.xml Feed imported sucessfully<br>
Fri May 18 01:15:01 BST 2012 Importing boats
X-Powered-By: PHP/5.3.2
Content-type: text/html

/home/wizard/public_html/bjmarine.net/used-boats/bjmarine.xml Feed imported sucessfully<br>
Sat May 19 01:15:01 BST 2012 Importing boats
X-Powered-By: PHP/5.3.2
Content-type: text/html

/home/wizard/public_html/bjmarine.net/used-boats/bjmarine.xml Feed imported sucessfully<br>
Sun May 20 01:15:01 BST 2012 Importing boats
X-Powered-By: PHP/5.3.2
Content-type: text/html

/home/wizard/public_html/bjmarine.net/used-boats/bjmarine.xml Feed imported sucessfully<br>
Mon May 21 01:15:01 BST 2012 Importing boats
X-Powered-By: PHP/5.3.2
Content-type: text/html

/home/wizard/public_html/bjmarine.net/used-boats/bjmarine.xml Feed imported sucessfully<br>
Tue May 22 01:15:01 BST 2012 Importing boats
X-Powered-By: PHP/5.3.2
Content-type: text/html

/home/wizard/public_html/bjmarine.net/used-boats/bjmarine.xml Feed imported sucessfully<br>
Wed May 23 01:15:01 BST 2012 Importing boats
X-Powered-By: PHP/5.3.2
Content-type: text/html

/home/wizard/public_html/bjmarine.net/used-boats/bjmarine.xml Feed imported sucessfully<br>
Thu May 24 01:15:01 BST 2012 Importing boats
X-Powered-By: PHP/5.3.2
Content-type: text/html

/home/wizard/public_html/bjmarine.net/used-boats/bjmarine.xml Feed imported sucessfully<br>
Fri May 25 01:15:01 BST 2012 Importing boats
X-Powered-By: PHP/5.3.2
Content-type: text/html

/home/wizard/public_html/bjmarine.net/used-boats/bjmarine.xml Feed imported sucessfully<br>
Sat May 26 01:15:01 BST 2012 Importing boats
X-Powered-By: PHP/5.3.2
Content-type: text/html

/home/wizard/public_html/bjmarine.net/used-boats/bjmarine.xml Feed imported sucessfully<br>
Sun May 27 01:15:01 BST 2012 Importing boats
X-Powered-By: PHP/5.3.2
Content-type: text/html

/home/wizard/public_html/bjmarine.net/used-boats/bjmarine.xml Feed imported sucessfully<br>
Mon May 28 01:15:01 BST 2012 Importing boats
X-Powered-By: PHP/5.3.2
Content-type: text/html

/home/wizard/public_html/bjmarine.net/used-boats/bjmarine.xml Feed imported sucessfully<br>
Tue May 29 01:15:01 BST 2012 Importing boats
X-Powered-By: PHP/5.3.2
Content-type: text/html

/home/wizard/public_html/bjmarine.net/used-boats/bjmarine.xml Feed imported sucessfully<br>
Wed May 30 01:15:01 BST 2012 Importing boats
X-Powered-By: PHP/5.3.2
Content-type: text/html

/home/wizard/public_html/bjmarine.net/used-boats/bjmarine.xml Feed imported sucessfully<br>
Thu May 31 01:15:01 BST 2012 Importing boats
X-Powered-By: PHP/5.3.2
Content-type: text/html

/home/wizard/public_html/bjmarine.net/used-boats/bjmarine.xml Feed imported sucessfully<br>
Fri Jun 1 01:15:02 BST 2012 Importing boats
X-Powered-By: PHP/5.3.2
Content-type: text/html

/home/wizard/public_html/bjmarine.net/used-boats/bjmarine.xml Feed imported sucessfully<br>
Sat Jun 2 01:15:01 BST 2012 Importing boats
X-Powered-By: PHP/5.3.2
Content-type: text/html

/home/wizard/public_html/bjmarine.net/used-boats/bjmarine.xml Feed imported sucessfully<br>
Sun Jun 3 01:15:01 BST 2012 Importing boats
X-Powered-By: PHP/5.3.2
Content-type: text/html

/home/wizard/public_html/bjmarine.net/used-boats/bjmarine.xml Feed imported sucessfully<br>
Mon Jun 4 01:15:01 BST 2012 Importing boats
X-Powered-By: PHP/5.3.2
Content-type: text/html

/home/wizard/public_html/bjmarine.net/used-boats/bjmarine.xml Feed imported sucessfully<br>
Tue Jun 5 01:15:01 BST 2012 Importing boats
X-Powered-By: PHP/5.3.2
Content-type: text/html

/home/wizard/public_html/bjmarine.net/used-boats/bjmarine.xml Feed imported sucessfully<br>
Wed Jun 6 01:15:01 BST 2012 Importing boats
X-Powered-By: PHP/5.3.2
Content-type: text/html

/home/wizard/public_html/bjmarine.net/used-boats/bjmarine.xml Feed imported sucessfully<br>
Thu Jun 7 01:15:01 BST 2012 Importing boats
X-Powered-By: PHP/5.3.2
Content-type: text/html

/home/wizard/public_html/bjmarine.net/used-boats/bjmarine.xml Feed imported sucessfully<br>
Fri Jun 8 01:15:01 BST 2012 Importing boats
X-Powered-By: PHP/5.3.2
Content-type: text/html

/home/wizard/public_html/bjmarine.net/used-boats/bjmarine.xml Feed imported sucessfully<br>
Sat Jun 9 01:15:02 BST 2012 Importing boats
X-Powered-By: PHP/5.3.2
Content-type: text/html

/home/wizard/public_html/bjmarine.net/used-boats/bjmarine.xml Feed imported sucessfully<br>
Sun Jun 10 01:15:01 BST 2012 Importing boats
X-Powered-By: PHP/5.3.2
Content-type: text/html

/home/wizard/public_html/bjmarine.net/used-boats/bjmarine.xml Feed imported sucessfully<br>
Mon Jun 11 01:15:01 BST 2012 Importing boats
X-Powered-By: PHP/5.3.2
Content-type: text/html

/home/wizard/public_html/bjmarine.net/used-boats/bjmarine.xml Feed imported sucessfully<br>
Tue Jun 12 01:15:01 BST 2012 Importing boats
X-Powered-By: PHP/5.3.2
Content-type: text/html

/home/wizard/public_html/bjmarine.net/used-boats/bjmarine.xml Feed imported sucessfully<br>
Wed Jun 13 01:15:01 BST 2012 Importing boats
X-Powered-By: PHP/5.3.2
Content-type: text/html

/home/wizard/public_html/bjmarine.net/used-boats/bjmarine.xml Feed imported sucessfully<br>
Thu Jun 14 01:15:02 BST 2012 Importing boats
X-Powered-By: PHP/5.3.2
Content-type: text/html

/home/wizard/public_html/bjmarine.net/used-boats/bjmarine.xml Feed imported sucessfully<br>
Fri Jun 15 01:15:01 BST 2012 Importing boats
X-Powered-By: PHP/5.3.2
Content-type: text/html

/home/wizard/public_html/bjmarine.net/used-boats/bjmarine.xml Feed imported sucessfully<br>
Sat Jun 16 01:15:01 BST 2012 Importing boats
X-Powered-By: PHP/5.3.2
Content-type: text/html

/home/wizard/public_html/bjmarine.net/used-boats/bjmarine.xml Feed imported sucessfully<br>
Sun Jun 17 01:15:01 BST 2012 Importing boats
X-Powered-By: PHP/5.3.2
Content-type: text/html

/home/wizard/public_html/bjmarine.net/used-boats/bjmarine.xml Feed imported sucessfully<br>
Mon Jun 18 01:15:01 BST 2012 Importing boats
X-Powered-By: PHP/5.3.2
Content-type: text/html

/home/wizard/public_html/bjmarine.net/used-boats/bjmarine.xml Feed imported sucessfully<br>
Tue Jun 19 01:15:02 BST 2012 Importing boats
X-Powered-By: PHP/5.3.2
Content-type: text/html

/home/wizard/public_html/bjmarine.net/used-boats/bjmarine.xml Feed imported sucessfully<br>
Wed Jun 20 01:15:01 BST 2012 Importing boats
X-Powered-By: PHP/5.3.2
Content-type: text/html

/home/wizard/public_html/bjmarine.net/used-boats/bjmarine.xml Feed imported sucessfully<br>
Thu Jun 21 01:15:02 BST 2012 Importing boats
X-Powered-By: PHP/5.3.2
Content-type: text/html

/home/wizard/public_html/bjmarine.net/used-boats/bjmarine.xml Feed imported sucessfully<br>
Fri Jun 22 01:15:01 BST 2012 Importing boats
X-Powered-By: PHP/5.3.2
Content-type: text/html

/home/wizard/public_html/bjmarine.net/used-boats/bjmarine.xml Feed imported sucessfully<br>
Sat Jun 23 01:15:01 BST 2012 Importing boats
X-Powered-By: PHP/5.3.2
Content-type: text/html

/home/wizard/public_html/bjmarine.net/used-boats/bjmarine.xml Feed imported sucessfully<br>
Sun Jun 24 01:15:01 BST 2012 Importing boats
X-Powered-By: PHP/5.3.2
Content-type: text/html

/home/wizard/public_html/bjmarine.net/used-boats/bjmarine.xml Feed imported sucessfully<br>
Mon Jun 25 01:15:01 BST 2012 Importing boats
X-Powered-By: PHP/5.3.2
Content-type: text/html

/home/wizard/public_html/bjmarine.net/used-boats/bjmarine.xml Feed imported sucessfully<br>
Tue Jun 26 01:15:04 BST 2012 Importing boats
X-Powered-By: PHP/5.3.2
Content-type: text/html

/home/wizard/public_html/bjmarine.net/used-boats/bjmarine.xml Feed imported sucessfully<br>
Wed Jun 27 01:15:02 BST 2012 Importing boats
X-Powered-By: PHP/5.3.2
Content-type: text/html

/home/wizard/public_html/bjmarine.net/used-boats/bjmarine.xml Feed imported sucessfully<br>
Thu Jun 28 01:15:01 BST 2012 Importing boats
X-Powered-By: PHP/5.3.2
Content-type: text/html

/home/wizard/public_html/bjmarine.net/used-boats/bjmarine.xml Feed imported sucessfully<br>
Fri Jun 29 01:15:01 BST 2012 Importing boats
X-Powered-By: PHP/5.3.2
Content-type: text/html

/home/wizard/public_html/bjmarine.net/used-boats/bjmarine.xml Feed imported sucessfully<br>
Sat Jun 30 01:15:01 BST 2012 Importing boats
X-Powered-By: PHP/5.3.2
Content-type: text/html

/home/wizard/public_html/bjmarine.net/used-boats/bjmarine.xml Feed imported sucessfully<br>
Sun Jul 1 01:15:01 BST 2012 Importing boats
X-Powered-By: PHP/5.3.2
Content-type: text/html

/home/wizard/public_html/bjmarine.net/used-boats/bjmarine.xml Feed imported sucessfully<br>
Mon Jul 2 01:15:02 BST 2012 Importing boats
X-Powered-By: PHP/5.3.2
Content-type: text/html

/home/wizard/public_html/bjmarine.net/used-boats/bjmarine.xml Feed imported sucessfully<br>
Tue Jul 3 01:15:01 BST 2012 Importing boats
X-Powered-By: PHP/5.3.2
Content-type: text/html

/home/wizard/public_html/bjmarine.net/used-boats/bjmarine.xml Feed imported sucessfully<br>
Tue Jul 3 16:41:12 BST 2012 Importing boats
/home/wizard/public_html/bjmarine.net/used-boats/bjmarine.xml Feed imported sucessfully<br>
Wed Jul 4 01:15:02 BST 2012 Importing boats
X-Powered-By: PHP/5.3.2
Content-type: text/html

/home/wizard/public_html/bjmarine.net/used-boats/bjmarine.xml Feed imported sucessfully<br>
Thu Jul 5 01:15:01 BST 2012 Importing boats
X-Powered-By: PHP/5.3.2
Content-type: text/html

/home/wizard/public_html/bjmarine.net/used-boats/bjmarine.xml Feed imported sucessfully<br>
Fri Jul 6 01:15:02 BST 2012 Importing boats
X-Powered-By: PHP/5.3.2
Content-type: text/html

/home/wizard/public_html/bjmarine.net/used-boats/bjmarine.xml Feed imported sucessfully<br>
Sat Jul 7 01:15:01 BST 2012 Importing boats
X-Powered-By: PHP/5.3.2
Content-type: text/html

/home/wizard/public_html/bjmarine.net/used-boats/bjmarine.xml Feed imported sucessfully<br>
Sun Jul 8 01:15:01 BST 2012 Importing boats
X-Powered-By: PHP/5.3.2
Content-type: text/html

/home/wizard/public_html/bjmarine.net/used-boats/bjmarine.xml Feed imported sucessfully<br>
Mon Jul 9 01:15:01 BST 2012 Importing boats
X-Powered-By: PHP/5.3.2
Content-type: text/html

/home/wizard/public_html/bjmarine.net/used-boats/bjmarine.xml Feed imported sucessfully<br>
Tue Jul 10 01:15:02 BST 2012 Importing boats
X-Powered-By: PHP/5.3.2
Content-type: text/html

/home/wizard/public_html/bjmarine.net/used-boats/bjmarine.xml Feed imported sucessfully<br>
Wed Jul 11 01:15:01 BST 2012 Importing boats
X-Powered-By: PHP/5.3.2
Content-type: text/html

/home/wizard/public_html/bjmarine.net/used-boats/bjmarine.xml Feed imported sucessfully<br>
Thu Jul 12 01:15:01 BST 2012 Importing boats
X-Powered-By: PHP/5.3.2
Content-type: text/html

/home/wizard/public_html/bjmarine.net/used-boats/bjmarine.xml Feed imported sucessfully<br>
Fri Jul 13 01:15:01 BST 2012 Importing boats
X-Powered-By: PHP/5.3.2
Content-type: text/html

/home/wizard/public_html/bjmarine.net/used-boats/bjmarine.xml Feed imported sucessfully<br>
